<?xml version="1.0" encoding="UTF-8"?>
<!-- Generated by org.testng.reporters.JUnitReportReporter -->
<testsuite hostname="Saju-Laptop" failures="0" tests="7" name="testng.Testngdemo" time="0.048" errors="0" timestamp="2024-09-30T12:59:01 IST" skipped="1">
  <testcase classname="testng.Testngdemo" name="test3" time="0.019"/>
  <system-out/>
  <testcase classname="testng.Testngdemo" name="test2" time="0.003"/>
  <system-out/>
  <testcase classname="testng.Testngdemo" name="test1" time="0.007"/>
  <system-out/>
  <testcase classname="testng.Testngdemo" name="test1" time="0.002"/>
  <system-out/>
  <testcase classname="testng.Testngdemo" name="test1" time="0.013"/>
  <system-out/>
  <testcase classname="testng.Testngdemo" name="test5" time="0.004"/>
  <system-out/>
  <testcase classname="testng.Testngdemo" name="test4">
    <skipped/>
  </testcase> <!-- test4 -->
  <system-out/>
</testsuite> <!-- testng.Testngdemo -->
