<?xml version="1.0" encoding="UTF-8"?>
<!-- Generated by org.testng.reporters.JUnitReportReporter -->
<testsuite hostname="Saju-Laptop" failures="0" tests="1" name="testng.Ebay" time="11.195" errors="0" timestamp="2024-09-09T12:50:16 IST" skipped="0">
  <testcase classname="testng.Ebay" name="test" time="11.195"/>
  <system-out/>
</testsuite> <!-- testng.Ebay -->
